#-----------------------------------------------------------
# Vivado v2019.2 (64-bit)
# SW Build 2708876 on Wed Nov  6 21:40:23 MST 2019
# IP Build 2700528 on Thu Nov  7 00:09:20 MST 2019
# Start of session at: Mon May 26 15:58:26 2025
# Process ID: 23824
# Current directory: C:/Users/Timothy/Desktop/Logic_and_Computer_Design_Exp.4
# Command line: vivado.exe -gui_launcher_event rodinguilauncherevent18344 C:\Users\Timothy\Desktop\Logic_and_Computer_Design_Exp.4\Expr.4.xpr
# Log file: C:/Users/Timothy/Desktop/Logic_and_Computer_Design_Exp.4/vivado.log
# Journal file: C:/Users/Timothy/Desktop/Logic_and_Computer_Design_Exp.4\vivado.jou
#-----------------------------------------------------------
start_gui
open_project C:/Users/Timothy/Desktop/Logic_and_Computer_Design_Exp.4/Expr.4.xpr
INFO: [Project 1-313] Project file moved from 'C:/Users/Timothy/Desktop/Expr.4' since last save.
Scanning sources...
Finished scanning sources
WARNING: [filemgmt 56-2] IPUserFilesDir: Could not find the directory 'C:/Users/Timothy/Desktop/Logic_and_Computer_Design_Exp.4/Expr.4.ip_user_files', nor could it be found using path 'C:/Users/Timothy/Desktop/Expr.4/Expr.4.ip_user_files'.
INFO: [IP_Flow 19-234] Refreshing IP repositories
INFO: [IP_Flow 19-1704] No user IP repositories specified
INFO: [IP_Flow 19-2313] Loaded Vivado IP repository 'E:/Xilinx/Vivado/2019.2/data/ip'.
open_project: Time (s): cpu = 00:00:15 ; elapsed = 00:00:08 . Memory (MB): peak = 938.266 ; gain = 255.105
update_compile_order -fileset sources_1
exit
INFO: [Common 17-206] Exiting Vivado at Mon May 26 16:04:42 2025...
